<?xml version="1.0" encoding="UTF-8"?>
<!-- Generated by org.testng.reporters.JUnitReportReporter -->
<testsuite hostname="DESKTOP-E99392L" failures="0" tests="6" name="com.AddactinProject.Addactin" time="30.617" errors="0" timestamp="2022-07-28T18:16:58 IST" skipped="0">
  <testcase classname="com.AddactinProject.Addactin" name="setproperty" time="11.349"/>
  <system-out/>
  <testcase classname="com.AddactinProject.Addactin" name="book_hotel" time="3.744"/>
  <system-out/>
  <testcase classname="com.AddactinProject.Addactin" name="search" time="4.685"/>
  <system-out/>
  <testcase classname="com.AddactinProject.Addactin" name="selectHotel" time="1.053"/>
  <system-out/>
  <testcase classname="com.AddactinProject.Addactin" name="book_hotel1" time="9.303"/>
  <system-out/>
  <testcase classname="com.AddactinProject.Addactin" name="closebrowser" time="0.483"/>
  <system-out/>
</testsuite> <!-- com.AddactinProject.Addactin -->
